[2026-04-14T04:18:13.747Z] GET http://localhost:3001/ → pending (?ms, ?B)
[2026-04-14T04:18:14.071Z] GET http://localhost:3001/@vite/client → 200 (14ms, 182535B)
[2026-04-14T04:18:14.071Z] GET http://localhost:3001/src/main.tsx?t=1776140190177 → 200 (14ms, 2379B)
[2026-04-14T04:18:14.074Z] GET http://localhost:3001/@react-refresh → 200 (41ms, 111894B)
[2026-04-14T04:18:14.087Z] GET http://localhost:3001/node_modules/vite/dist/client/env.mjs → 200 (29ms, 4020B)
[2026-04-14T04:18:14.087Z] GET http://localhost:3001/node_modules/.vite/deps/react_jsx-dev-runtime.js?v=8a646031 → 200 (36ms, 12506B)
[2026-04-14T04:18:14.087Z] GET http://localhost:3001/node_modules/.vite/deps/react.js?v=8a646031 → 200 (36ms, 1024B)
[2026-04-14T04:18:14.087Z] GET http://localhost:3001/node_modules/.vite/deps/react-dom_client.js?v=8a646031 → 200 (66ms, 1005607B)
[2026-04-14T04:18:14.087Z] GET http://localhost:3001/node_modules/.vite/deps/react-router-dom.js?v=8a646031 → 200 (69ms, 467543B)
[2026-04-14T04:18:14.087Z] GET http://localhost:3001/src/App.tsx?t=1776140190177 → 200 (56ms, 57395B)
[2026-04-14T04:18:14.087Z] GET http://localhost:3001/src/index.css?t=1776140190177 → 200 (64ms, 82620B)
[2026-04-14T04:18:14.123Z] GET http://localhost:3001/node_modules/.vite/deps/chunk-NKU67ILE.js?v=8a646031 → 200 (33ms, 45663B)
[2026-04-14T04:18:14.123Z] GET http://localhost:3001/node_modules/.vite/deps/chunk-PR4QN5HX.js?v=8a646031 → 200 (33ms, 10123B)
[2026-04-14T04:18:14.146Z] GET http://localhost:3001/node_modules/.vite/deps/motion_react.js?v=8a646031 → 200 (79ms, 435999B)
[2026-04-14T04:18:14.147Z] GET http://localhost:3001/node_modules/.vite/deps/lucide-react.js?v=8a646031 → 200 (81ms, 1005078B)
[2026-04-14T04:18:14.147Z] GET http://localhost:3001/src/auth/authApi.ts → 200 (77ms, 6113B)
[2026-04-14T04:18:14.148Z] GET http://localhost:3001/src/components/Sidebar.tsx?t=1776140011556 → 200 (76ms, 26197B)
[2026-04-14T04:18:14.148Z] GET http://localhost:3001/src/components/Header.tsx → 200 (77ms, 18653B)
[2026-04-14T04:18:14.150Z] GET http://localhost:3001/src/components/ThemeSettings.tsx → 200 (75ms, 35098B)
[2026-04-14T04:18:14.150Z] GET http://localhost:3001/src/permissions/PermissionContext.tsx → 200 (75ms, 6706B)
[2026-04-14T04:18:14.150Z] GET http://localhost:3001/src/router/navigationApi.ts → 200 (75ms, 5884B)
[2026-04-14T04:18:14.150Z] GET http://localhost:3001/src/router/routeRegistry.tsx → 200 (76ms, 6773B)
[2026-04-14T04:18:14.150Z] GET http://localhost:3001/src/views/Announcement.tsx → 200 (76ms, 15809B)
[2026-04-14T04:18:14.150Z] GET http://localhost:3001/src/views/Archive.tsx → 200 (76ms, 57617B)
[2026-04-14T04:18:14.150Z] GET http://localhost:3001/src/views/BatchManagement.tsx → 200 (76ms, 113621B)
[2026-04-14T04:18:14.150Z] GET http://localhost:3001/src/views/BatchTesting.tsx → 200 (79ms, 253347B)
[2026-04-14T04:18:14.151Z] GET http://localhost:3001/src/views/History.tsx → 200 (80ms, 281462B)
[2026-04-14T04:18:14.151Z] GET http://localhost:3001/src/views/Login.tsx?t=1776140190177 → 200 (81ms, 59729B)
[2026-04-14T04:18:14.151Z] GET http://localhost:3001/src/views/Packaging.tsx → 200 (84ms, 149004B)
[2026-04-14T04:18:14.151Z] GET http://localhost:3001/src/views/Permissions.tsx?t=1776139818300 → 200 (86ms, 92042B)
[2026-04-14T04:18:14.151Z] GET http://localhost:3001/src/views/Warehouse.tsx → 200 (143ms, 163296B)
[2026-04-14T04:18:14.156Z] GET http://localhost:3001/node_modules/.vite/deps/chunk-77XXEOXN.js?v=8a646031 → 200 (137ms, 16533B)
[2026-04-14T04:18:14.229Z] GET http://localhost:3001/src/lib/http/bladeClient.ts → 200 (65ms, 17222B)
[2026-04-14T04:18:14.229Z] GET http://localhost:3001/src/auth/sessionAdapter.ts → 200 (67ms, 12350B)
[2026-04-14T04:18:14.229Z] GET http://localhost:3001/src/auth/grants.ts → 200 (68ms, 3286B)
[2026-04-14T04:18:14.229Z] GET http://localhost:3001/src/auth/sessionStorage.ts → 200 (68ms, 5263B)
[2026-04-14T04:18:14.229Z] GET http://localhost:3001/node_modules/.vite/deps/chunk-6QO6Q4YR.js?v=8a646031 → 200 (68ms, 12854B)
[2026-04-14T04:18:14.229Z] GET http://localhost:3001/src/permissions/helpers.ts → 200 (68ms, 2115B)
[2026-04-14T04:18:14.229Z] GET http://localhost:3001/src/router/navigationBootstrap.ts → 200 (69ms, 4704B)
[2026-04-14T04:18:14.229Z] GET http://localhost:3001/src/components/UIComponents.tsx → 200 (72ms, 39629B)
[2026-04-14T04:18:14.229Z] GET http://localhost:3001/src/utils/archiveStore.ts → 200 (73ms, 6016B)
[2026-04-14T04:18:14.251Z] GET http://localhost:3001/src/data/enterpriseOptions.ts → 200 (51ms, 4703B)
[2026-04-14T04:18:14.302Z] GET http://localhost:3001/src/config/runtime.ts → 200 (5ms, 3203B)
[2026-04-14T04:18:14.303Z] GET http://localhost:3001/node_modules/.vite/deps/sm-crypto.js?v=8a646031 → 200 (14ms, 81795B)
[2026-04-14T04:18:14.303Z] GET http://localhost:3001/src/router/menuAdapter.ts → 200 (13ms, 7264B)
[2026-04-14T04:18:14.560Z] GET http://localhost:3001/assets/carbon-fibre.svg → 200 (4ms, 2119B)
[2026-04-14T04:18:16.150Z] GET http://localhost:3001/ → 200 (18ms, 588B)
[2026-04-14T04:18:16.189Z] GET http://localhost:3001/@vite/client → 304 (12ms, ?B)
[2026-04-14T04:18:16.189Z] GET http://localhost:3001/src/main.tsx?t=1776140190177 → 304 (14ms, ?B)
[2026-04-14T04:18:16.193Z] GET http://localhost:3001/@react-refresh → 304 (30ms, ?B)
[2026-04-14T04:18:16.204Z] GET http://localhost:3001/node_modules/vite/dist/client/env.mjs → 304 (42ms, ?B)
[2026-04-14T04:18:16.214Z] GET http://localhost:3001/node_modules/.vite/deps/react_jsx-dev-runtime.js?v=8a646031 → 200 (?ms, 12506B)
[2026-04-14T04:18:16.215Z] GET http://localhost:3001/node_modules/.vite/deps/react.js?v=8a646031 → 200 (1ms, 1024B)
[2026-04-14T04:18:16.217Z] GET http://localhost:3001/node_modules/.vite/deps/react-dom_client.js?v=8a646031 → 200 (1ms, 1005607B)
[2026-04-14T04:18:16.221Z] GET http://localhost:3001/node_modules/.vite/deps/react-router-dom.js?v=8a646031 → 200 (?ms, 467543B)
[2026-04-14T04:18:16.222Z] GET http://localhost:3001/src/App.tsx?t=1776140190177 → 304 (39ms, ?B)
[2026-04-14T04:18:16.223Z] GET http://localhost:3001/src/index.css?t=1776140190177 → 304 (39ms, ?B)
[2026-04-14T04:18:16.225Z] GET http://localhost:3001/node_modules/.vite/deps/chunk-NKU67ILE.js?v=8a646031 → 200 (?ms, 45663B)
[2026-04-14T04:18:16.227Z] GET http://localhost:3001/node_modules/.vite/deps/chunk-PR4QN5HX.js?v=8a646031 → 200 (?ms, 10123B)
[2026-04-14T04:18:16.243Z] GET http://localhost:3001/node_modules/.vite/deps/chunk-77XXEOXN.js?v=8a646031 → 200 (1ms, 16533B)
[2026-04-14T04:18:16.265Z] GET http://localhost:3001/node_modules/.vite/deps/motion_react.js?v=8a646031 → 200 (?ms, 435999B)
[2026-04-14T04:18:16.266Z] GET http://localhost:3001/node_modules/.vite/deps/lucide-react.js?v=8a646031 → 200 (?ms, 1005078B)
[2026-04-14T04:18:16.267Z] GET http://localhost:3001/src/auth/authApi.ts → 304 (12ms, ?B)
[2026-04-14T04:18:16.267Z] GET http://localhost:3001/src/components/Sidebar.tsx?t=1776140011556 → 304 (42ms, ?B)
[2026-04-14T04:18:16.267Z] GET http://localhost:3001/src/components/Header.tsx → 304 (43ms, ?B)
[2026-04-14T04:18:16.268Z] GET http://localhost:3001/src/components/ThemeSettings.tsx → 304 (43ms, ?B)
[2026-04-14T04:18:16.268Z] GET http://localhost:3001/src/permissions/PermissionContext.tsx → 304 (55ms, ?B)
[2026-04-14T04:18:16.268Z] GET http://localhost:3001/src/router/navigationApi.ts → 304 (56ms, ?B)
[2026-04-14T04:18:16.268Z] GET http://localhost:3001/src/router/routeRegistry.tsx → 304 (56ms, ?B)
[2026-04-14T04:18:16.268Z] GET http://localhost:3001/src/views/Announcement.tsx → 304 (57ms, ?B)
[2026-04-14T04:18:16.268Z] GET http://localhost:3001/src/views/Archive.tsx → 304 (57ms, ?B)
[2026-04-14T04:18:16.268Z] GET http://localhost:3001/src/views/BatchManagement.tsx → 304 (57ms, ?B)
[2026-04-14T04:18:16.268Z] GET http://localhost:3001/src/views/BatchTesting.tsx → 304 (58ms, ?B)
[2026-04-14T04:18:16.268Z] GET http://localhost:3001/src/views/History.tsx → 304 (58ms, ?B)
[2026-04-14T04:18:16.268Z] GET http://localhost:3001/src/views/Login.tsx?t=1776140190177 → 304 (59ms, ?B)
[2026-04-14T04:18:16.268Z] GET http://localhost:3001/src/views/Packaging.tsx → 304 (59ms, ?B)
[2026-04-14T04:18:16.268Z] GET http://localhost:3001/src/views/Permissions.tsx?t=1776139818300 → 304 (72ms, ?B)
[2026-04-14T04:18:16.269Z] GET http://localhost:3001/src/views/Warehouse.tsx → 304 (73ms, ?B)
[2026-04-14T04:18:16.269Z] GET http://localhost:3001/node_modules/.vite/deps/chunk-6QO6Q4YR.js?v=8a646031 → 200 (?ms, 12854B)
[2026-04-14T04:18:16.280Z] GET http://localhost:3001/src/lib/http/bladeClient.ts → 304 (64ms, ?B)
[2026-04-14T04:18:16.280Z] GET http://localhost:3001/src/auth/sessionAdapter.ts → 304 (64ms, ?B)
[2026-04-14T04:18:16.280Z] GET http://localhost:3001/src/auth/grants.ts → 304 (67ms, ?B)
[2026-04-14T04:18:16.280Z] GET http://localhost:3001/src/auth/sessionStorage.ts → 304 (69ms, ?B)
[2026-04-14T04:18:16.325Z] GET http://localhost:3001/src/permissions/helpers.ts → 304 (119ms, ?B)
[2026-04-14T04:18:16.327Z] GET http://localhost:3001/src/router/navigationBootstrap.ts → 304 (119ms, ?B)
[2026-04-14T04:18:16.350Z] GET http://localhost:3001/src/components/UIComponents.tsx → 304 (98ms, ?B)
[2026-04-14T04:18:16.350Z] GET http://localhost:3001/src/utils/archiveStore.ts → 304 (99ms, ?B)
[2026-04-14T04:18:16.351Z] GET http://localhost:3001/src/data/enterpriseOptions.ts → 304 (100ms, ?B)
[2026-04-14T04:18:16.351Z] GET http://localhost:3001/src/config/runtime.ts → 304 (101ms, ?B)
[2026-04-14T04:18:16.351Z] GET http://localhost:3001/node_modules/.vite/deps/sm-crypto.js?v=8a646031 → 200 (?ms, 81795B)
[2026-04-14T04:18:16.504Z] GET http://localhost:3001/src/router/menuAdapter.ts → 304 (?ms, ?B)
[2026-04-14T04:18:16.831Z] GET http://localhost:3001/assets/carbon-fibre.svg → 304 (3ms, ?B)
[2026-04-14T04:18:19.266Z] POST http://localhost:3001/blade-auth/oauth/token → 200 (538ms, 1424B)
[2026-04-14T04:18:19.808Z] GET http://localhost:3001/blade-auth/oauth/user-info → 200 (38ms, ?B)
[2026-04-14T04:18:19.899Z] GET http://localhost:3001/blade-system/menu/top-menu → 200 (165ms, 58B)
[2026-04-14T04:18:20.071Z] GET http://localhost:3001/blade-system/menu/routes → 200 (93ms, 4965B)
[2026-04-14T04:18:20.071Z] GET http://localhost:3001/blade-system/menu/buttons → 200 (149ms, 5288B)
